This file contains any messages produced by compilers while
running configure, to aid debugging if configure makes a mistake.

It was created by libenet configure 1.3.3, which was
generated by GNU Autoconf 2.69.  Invocation command line was

  $ ./configure --enable-shared=no --enable-static=yes CC=/home/ack/work/emscripten/emcc CFLAGS= --no-create --no-recursion

## --------- ##
## Platform. ##
## --------- ##

hostname = dash
uname -m = x86_64
uname -r = 3.6.11-1-ARCH
uname -s = Linux
uname -v = #1 SMP PREEMPT Tue Dec 18 08:57:15 CET 2012

/usr/bin/uname -p = unknown
/bin/uname -X     = unknown

/bin/arch              = unknown
/usr/bin/arch -k       = unknown
/usr/convex/getsysinfo = unknown
/usr/bin/hostinfo      = unknown
/bin/machine           = unknown
/usr/bin/oslevel       = unknown
/bin/universe          = unknown

PATH: /home/ack/work/emscripten
PATH: /home/ack/.virtualenvs/emscripten/bin
PATH: /home/ack/project/emscripten
PATH: /usr/local/heroku/bin
PATH: /opt/android-sdk/tools
PATH: /opt/android-sdk/platform-tools
PATH: /home/ack/bin
PATH: /sbin
PATH: /usr/sbin
PATH: /home/ack/bin
PATH: /sbin
PATH: /usr/sbin
PATH: /home/ack/bin
PATH: /sbin
PATH: /usr/sbin
PATH: /home/ack/bin
PATH: /sbin
PATH: /usr/sbin
PATH: /usr/local/bin
PATH: /usr/bin
PATH: /bin
PATH: /usr/local/sbin
PATH: /usr/sbin
PATH: /sbin
PATH: /usr/bin/core_perl


## ----------- ##
## Core tests. ##
## ----------- ##

configure:2264: checking for a BSD-compatible install
configure:2332: result: /usr/bin/install -c
configure:2343: checking whether build environment is sane
configure:2393: result: yes
configure:2534: checking for a thread-safe mkdir -p
configure:2573: result: /usr/bin/mkdir -p
configure:2586: checking for gawk
configure:2602: found /usr/bin/gawk
configure:2613: result: gawk
configure:2624: checking whether make sets $(MAKE)
configure:2646: result: yes
configure:2727: checking whether to disable maintainer-specific portions of Makefiles
configure:2736: result: yes
configure:2800: checking for gcc
configure:2827: result: /home/ack/work/emscripten/emcc
configure:3056: checking for C compiler version
configure:3065: /home/ack/work/emscripten/emcc --version >&5
emcc (Emscripten GCC-like replacement) 2.0
Copyright (C) 2012 the Emscripten authors.
This is free and open source software under the MIT license.
There is NO warranty; not even for MERCHANTABILITY or FITNESS FOR A PARTICULAR PURPOSE.
  
configure:3076: $? = 0
configure:3065: /home/ack/work/emscripten/emcc -v >&5
emcc (Emscripten GCC-like replacement + linker emulating GNU ld ) 2.0
clang version 3.2 (tags/RELEASE_32/final)
Target: x86_64-unknown-linux-gnu
Thread model: posix
configure:3076: $? = 0
configure:3065: /home/ack/work/emscripten/emcc -V >&5
emcc: no input files
note that input files without a known suffix are ignored, make sure your input files end with one of: ('.c', '.cpp', '.cxx', '.cc', '.bc', '.o', '.obj', '.dylib', '.so', '.dll', '.a', '.ll')
configure:3076: $? = 0
configure:3065: /home/ack/work/emscripten/emcc -qversion >&5
emcc: no input files
note that input files without a known suffix are ignored, make sure your input files end with one of: ('.c', '.cpp', '.cxx', '.cc', '.bc', '.o', '.obj', '.dylib', '.so', '.dll', '.a', '.ll')
configure:3076: $? = 0
configure:3096: checking whether the C compiler works
configure:3118: /home/ack/work/emscripten/emcc    conftest.c  >&5
configure:3122: $? = 0
configure:3170: result: yes
configure:3173: checking for C compiler default output file name
configure:3175: result: a.out
configure:3181: checking for suffix of executables
configure:3188: /home/ack/work/emscripten/emcc -o conftest    conftest.c  >&5
configure:3192: $? = 0
configure:3214: result: 
configure:3236: checking whether we are cross compiling
configure:3244: /home/ack/work/emscripten/emcc -o conftest    conftest.c  >&5
configure:3248: $? = 0
configure:3255: ./conftest
configure:3259: $? = 0
configure:3274: result: no
configure:3279: checking for suffix of object files
configure:3301: /home/ack/work/emscripten/emcc -c   conftest.c >&5
configure:3305: $? = 0
configure:3326: result: o
configure:3330: checking whether we are using the GNU C compiler
configure:3349: /home/ack/work/emscripten/emcc -c   conftest.c >&5
configure:3349: $? = 0
configure:3358: result: yes
configure:3367: checking whether /home/ack/work/emscripten/emcc accepts -g
configure:3387: /home/ack/work/emscripten/emcc -c -g  conftest.c >&5
configure:3387: $? = 0
configure:3428: result: yes
configure:3445: checking for /home/ack/work/emscripten/emcc option to accept ISO C89
configure:3508: /home/ack/work/emscripten/emcc  -c   conftest.c >&5
configure:3508: $? = 0
configure:3521: result: none needed
configure:3552: checking for style of include used by make
configure:3580: result: GNU
configure:3605: checking dependency style of /home/ack/work/emscripten/emcc
configure:3715: result: gcc3
configure:3759: checking build system type
configure:3773: result: x86_64-unknown-linux-gnu
configure:3793: checking host system type
configure:3806: result: x86_64-unknown-linux-gnu
configure:3847: checking how to print strings
configure:3874: result: printf
configure:3895: checking for a sed that does not truncate output
configure:3959: result: /usr/bin/sed
configure:3977: checking for grep that handles long lines and -e
configure:4035: result: /usr/bin/grep
configure:4040: checking for egrep
configure:4102: result: /usr/bin/grep -E
configure:4107: checking for fgrep
configure:4169: result: /usr/bin/grep -F
configure:4204: checking for ld used by /home/ack/work/emscripten/emcc
emcc: no input files
note that input files without a known suffix are ignored, make sure your input files end with one of: ('.c', '.cpp', '.cxx', '.cc', '.bc', '.o', '.obj', '.dylib', '.so', '.dll', '.a', '.ll')
configure:4271: result: /home/ack/work/emscripten/emcc -m elf_x86_64
configure:4278: checking if the linker (/home/ack/work/emscripten/emcc -m elf_x86_64) is GNU ld
configure:4293: result: no
configure:4305: checking for BSD- or MS-compatible name lister (nm)
configure:4354: result: /usr/bin/nm -B
configure:4484: checking the name lister (/usr/bin/nm -B) interface
configure:4491: /home/ack/work/emscripten/emcc -c   conftest.c >&5
configure:4494: /usr/bin/nm -B "conftest.o"
configure:4497: output
0000000000000000 B some_variable
configure:4504: result: BSD nm
configure:4507: checking whether ln -s works
configure:4511: result: yes
configure:4519: checking the maximum length of command line arguments
configure:4649: result: 1572864
configure:4666: checking whether the shell understands some XSI constructs
configure:4676: result: yes
configure:4680: checking whether the shell understands "+="
configure:4686: result: yes
configure:4721: checking how to convert x86_64-unknown-linux-gnu file names to x86_64-unknown-linux-gnu format
configure:4761: result: func_convert_file_noop
configure:4768: checking how to convert x86_64-unknown-linux-gnu file names to toolchain format
configure:4788: result: func_convert_file_noop
configure:4795: checking for /home/ack/work/emscripten/emcc -m elf_x86_64 option to reload object files
configure:4802: result: -r
configure:4876: checking for objdump
configure:4892: found /usr/bin/objdump
configure:4903: result: objdump
configure:4935: checking how to recognize dependent libraries
configure:5137: result: pass_all
configure:5222: checking for dlltool
configure:5252: result: no
configure:5282: checking how to associate runtime and link libraries
configure:5309: result: printf %s\n
configure:5434: checking for archiver @FILE support
configure:5451: /home/ack/work/emscripten/emcc -c   conftest.c >&5
configure:5451: $? = 0
configure:5454: /home/ack/work/emscripten/emar cru libconftest.a @conftest.lst >&5
configure:5457: $? = 0
configure:5462: /home/ack/work/emscripten/emar cru libconftest.a @conftest.lst >&5
/usr/bin/llvm-ar: File does not exist: conftest.o

configure:5465: $? = 0
configure:5477: result: no
configure:5535: checking for strip
configure:5551: found /usr/bin/strip
configure:5562: result: strip
configure:5634: checking for ranlib
configure:5661: result: /home/ack/work/emscripten/emranlib
configure:5763: checking command to parse /usr/bin/nm -B output from /home/ack/work/emscripten/emcc object
configure:5883: /home/ack/work/emscripten/emcc -c   conftest.c >&5
configure:5886: $? = 0
configure:5890: /usr/bin/nm -B conftest.o \| sed -n -e 's/^.*[ ]\([ABCDGIRSTW][ABCDGIRSTW]*\)[ ][ ]*\([_A-Za-z][_A-Za-z0-9]*\)$/\1 \2 \2/p' | sed '/ __gnu_lto/d' \> conftest.nm
configure:5893: $? = 0
configure:5959: /home/ack/work/emscripten/emcc -o conftest    conftest.c conftstm.o >&5
configure:5962: $? = 0
configure:6000: result: ok
configure:6037: checking for sysroot
configure:6067: result: no
configure:6144: /home/ack/work/emscripten/emcc -c   conftest.c >&5
configure:6147: $? = 0
configure:6323: checking for mt
configure:6353: result: no
configure:6373: checking if : is a manifest tool
configure:6379: : '-?'
configure:6387: result: no
configure:7029: checking how to run the C preprocessor
configure:7060: /home/ack/work/emscripten/emcc -E  conftest.c
configure:7060: $? = 0
configure:7074: /home/ack/work/emscripten/emcc -E  conftest.c
conftest.c:11:10: fatal error: 'ac_nonexistent.h' file not found
#include <ac_nonexistent.h>
         ^
1 error generated.
configure:7074: $? = 1
configure: failed program was:
| /* confdefs.h */
| #define PACKAGE_NAME "libenet"
| #define PACKAGE_TARNAME "libenet"
| #define PACKAGE_VERSION "1.3.3"
| #define PACKAGE_STRING "libenet 1.3.3"
| #define PACKAGE_BUGREPORT ""
| #define PACKAGE_URL ""
| #define PACKAGE "libenet"
| #define VERSION "1.3.3"
| /* end confdefs.h.  */
| #include <ac_nonexistent.h>
configure:7099: result: /home/ack/work/emscripten/emcc -E
configure:7119: /home/ack/work/emscripten/emcc -E  conftest.c
configure:7119: $? = 0
configure:7133: /home/ack/work/emscripten/emcc -E  conftest.c
conftest.c:11:10: fatal error: 'ac_nonexistent.h' file not found
#include <ac_nonexistent.h>
         ^
1 error generated.
configure:7133: $? = 1
configure: failed program was:
| /* confdefs.h */
| #define PACKAGE_NAME "libenet"
| #define PACKAGE_TARNAME "libenet"
| #define PACKAGE_VERSION "1.3.3"
| #define PACKAGE_STRING "libenet 1.3.3"
| #define PACKAGE_BUGREPORT ""
| #define PACKAGE_URL ""
| #define PACKAGE "libenet"
| #define VERSION "1.3.3"
| /* end confdefs.h.  */
| #include <ac_nonexistent.h>
configure:7162: checking for ANSI C header files
configure:7182: /home/ack/work/emscripten/emcc -c   conftest.c >&5
configure:7182: $? = 0
configure:7255: /home/ack/work/emscripten/emcc -o conftest    conftest.c  >&5
configure:7255: $? = 0
configure:7255: ./conftest
configure:7255: $? = 0
configure:7266: result: yes
configure:7279: checking for sys/types.h
configure:7279: /home/ack/work/emscripten/emcc -c   conftest.c >&5
configure:7279: $? = 0
configure:7279: result: yes
configure:7279: checking for sys/stat.h
configure:7279: /home/ack/work/emscripten/emcc -c   conftest.c >&5
configure:7279: $? = 0
configure:7279: result: yes
configure:7279: checking for stdlib.h
configure:7279: /home/ack/work/emscripten/emcc -c   conftest.c >&5
configure:7279: $? = 0
configure:7279: result: yes
configure:7279: checking for string.h
configure:7279: /home/ack/work/emscripten/emcc -c   conftest.c >&5
configure:7279: $? = 0
configure:7279: result: yes
configure:7279: checking for memory.h
configure:7279: /home/ack/work/emscripten/emcc -c   conftest.c >&5
configure:7279: $? = 0
configure:7279: result: yes
configure:7279: checking for strings.h
configure:7279: /home/ack/work/emscripten/emcc -c   conftest.c >&5
configure:7279: $? = 0
configure:7279: result: yes
configure:7279: checking for inttypes.h
configure:7279: /home/ack/work/emscripten/emcc -c   conftest.c >&5
configure:7279: $? = 0
configure:7279: result: yes
configure:7279: checking for stdint.h
configure:7279: /home/ack/work/emscripten/emcc -c   conftest.c >&5
configure:7279: $? = 0
configure:7279: result: yes
configure:7279: checking for unistd.h
configure:7279: /home/ack/work/emscripten/emcc -c   conftest.c >&5
configure:7279: $? = 0
configure:7279: result: yes
configure:7293: checking for dlfcn.h
configure:7293: /home/ack/work/emscripten/emcc -c   conftest.c >&5
configure:7293: $? = 0
configure:7293: result: yes
configure:7499: checking for objdir
configure:7514: result: .libs
configure:7785: checking if /home/ack/work/emscripten/emcc supports -fno-rtti -fno-exceptions
configure:7803: /home/ack/work/emscripten/emcc -c   -fno-rtti -fno-exceptions conftest.c >&5
configure:7807: $? = 0
configure:7820: result: yes
configure:8147: checking for /home/ack/work/emscripten/emcc option to produce PIC
configure:8154: result: -fPIC -DPIC
configure:8162: checking if /home/ack/work/emscripten/emcc PIC flag -fPIC -DPIC works
configure:8180: /home/ack/work/emscripten/emcc -c   -fPIC -DPIC -DPIC conftest.c >&5
configure:8184: $? = 0
configure:8197: result: yes
configure:8226: checking if /home/ack/work/emscripten/emcc static flag -static works
configure:8254: result: yes
configure:8269: checking if /home/ack/work/emscripten/emcc supports -c -o file.o
configure:8290: /home/ack/work/emscripten/emcc -c   -o out/conftest2.o conftest.c >&5
configure:8294: $? = 0
configure:8316: result: yes
configure:8324: checking if /home/ack/work/emscripten/emcc supports -c -o file.o
configure:8371: result: yes
configure:8404: checking whether the /home/ack/work/emscripten/emcc linker (/home/ack/work/emscripten/emcc -m elf_x86_64 -m elf_x86_64) supports shared libraries
configure:9561: result: no
configure:9801: checking dynamic linker characteristics
configure:10312: /home/ack/work/emscripten/emcc -o conftest     conftest.c  >&5
configure:10312: $? = 0
configure:10546: result: GNU/Linux ld.so
configure:10653: checking how to hardcode library paths into programs
configure:10678: result: unsupported
configure:11218: checking whether stripping libraries is possible
configure:11223: result: yes
configure:11258: checking if libtool supports shared libraries
configure:11260: result: no
configure:11263: checking whether to build shared libraries
configure:11284: result: no
configure:11287: checking whether to build static libraries
configure:11291: result: yes
configure:11329: checking for gethostbyaddr_r
configure:11329: /home/ack/work/emscripten/emcc -o conftest    conftest.c  >&5
configure:11329: $? = 0
configure:11329: result: yes
configure:11335: checking for gethostbyname_r
configure:11335: /home/ack/work/emscripten/emcc -o conftest    conftest.c  >&5
configure:11335: $? = 0
configure:11335: result: yes
configure:11341: checking for poll
configure:11341: /home/ack/work/emscripten/emcc -o conftest    conftest.c  >&5
configure:11341: $? = 0
configure:11341: result: yes
configure:11347: checking for fcntl
configure:11347: /home/ack/work/emscripten/emcc -o conftest    conftest.c  >&5
configure:11347: $? = 0
configure:11347: result: yes
configure:11353: checking for inet_pton
configure:11353: /home/ack/work/emscripten/emcc -o conftest    conftest.c  >&5
configure:11353: $? = 0
configure:11353: result: yes
configure:11359: checking for inet_ntop
configure:11359: /home/ack/work/emscripten/emcc -o conftest    conftest.c  >&5
configure:11359: $? = 0
configure:11359: result: yes
configure:11366: checking for struct msghdr.msg_flags
configure:11366: /home/ack/work/emscripten/emcc -c   conftest.c >&5
In file included from conftest.c:29:
In file included from /home/ack/work/emscripten/system/include/sys/socket.h:5:
/home/ack/work/emscripten/system/include/sys/select.h:4:22: error: unknown type name 'fd_set'
int select(int nfds, fd_set *readfds, fd_set *writefds, fd_set *exceptfds, struct timeval *timeout);
                     ^
/home/ack/work/emscripten/system/include/sys/select.h:4:39: error: unknown type name 'fd_set'
int select(int nfds, fd_set *readfds, fd_set *writefds, fd_set *exceptfds, struct timeval *timeout);
                                      ^
/home/ack/work/emscripten/system/include/sys/select.h:4:57: error: unknown type name 'fd_set'
int select(int nfds, fd_set *readfds, fd_set *writefds, fd_set *exceptfds, struct timeval *timeout);
                                                        ^
In file included from conftest.c:29:
In file included from /home/ack/work/emscripten/system/include/sys/socket.h:6:
/home/ack/work/emscripten/system/include/sys/uio.h:11:3: error: unknown type name 'size_t'
  size_t  iov_len;
  ^
/home/ack/work/emscripten/system/include/sys/uio.h:14:1: error: unknown type name 'ssize_t'
ssize_t readv(int, const struct iovec *, int);
^
/home/ack/work/emscripten/system/include/sys/uio.h:15:1: error: unknown type name 'ssize_t'
ssize_t writev(int, const struct iovec *, int);
^
In file included from conftest.c:29:
/home/ack/work/emscripten/system/include/sys/socket.h:53:1: error: unknown type name 'ssize_t'
ssize_t recvfrom(int socket, void *buffer, size_t length, int flags, struct sockaddr *address, socklen_t *address_len);
^
/home/ack/work/emscripten/system/include/sys/socket.h:53:44: error: unknown type name 'size_t'
ssize_t recvfrom(int socket, void *buffer, size_t length, int flags, struct sockaddr *address, socklen_t *address_len);
                                           ^
/home/ack/work/emscripten/system/include/sys/socket.h:63:1: error: unknown type name 'ssize_t'
ssize_t recv(int s, void *buf, size_t len, int flags);
^
/home/ack/work/emscripten/system/include/sys/socket.h:63:32: error: unknown type name 'size_t'
ssize_t recv(int s, void *buf, size_t len, int flags);
                               ^
/home/ack/work/emscripten/system/include/sys/socket.h:64:1: error: unknown type name 'ssize_t'
ssize_t send(int s, const void *buf, size_t len, int flags);
^
/home/ack/work/emscripten/system/include/sys/socket.h:64:38: error: unknown type name 'size_t'
ssize_t send(int s, const void *buf, size_t len, int flags);
                                     ^
/home/ack/work/emscripten/system/include/sys/socket.h:66:1: error: unknown type name 'ssize_t'
ssize_t sendto(int s, const void *buf, size_t len, int flags, const struct sockaddr *to, socklen_t tolen);
^
/home/ack/work/emscripten/system/include/sys/socket.h:66:40: error: unknown type name 'size_t'
ssize_t sendto(int s, const void *buf, size_t len, int flags, const struct sockaddr *to, socklen_t tolen);
                                       ^
/home/ack/work/emscripten/system/include/sys/socket.h:73:3: error: unknown type name 'size_t'
  size_t        msg_iovlen;
  ^
/home/ack/work/emscripten/system/include/sys/socket.h:75:3: error: unknown type name 'size_t'
  size_t        msg_controllen;
  ^
16 errors generated.
configure:11366: $? = 1
configure: failed program was:
| /* confdefs.h */
| #define PACKAGE_NAME "libenet"
| #define PACKAGE_TARNAME "libenet"
| #define PACKAGE_VERSION "1.3.3"
| #define PACKAGE_STRING "libenet 1.3.3"
| #define PACKAGE_BUGREPORT ""
| #define PACKAGE_URL ""
| #define PACKAGE "libenet"
| #define VERSION "1.3.3"
| #define STDC_HEADERS 1
| #define HAVE_SYS_TYPES_H 1
| #define HAVE_SYS_STAT_H 1
| #define HAVE_STDLIB_H 1
| #define HAVE_STRING_H 1
| #define HAVE_MEMORY_H 1
| #define HAVE_STRINGS_H 1
| #define HAVE_INTTYPES_H 1
| #define HAVE_STDINT_H 1
| #define HAVE_UNISTD_H 1
| #define HAVE_DLFCN_H 1
| #define LT_OBJDIR ".libs/"
| #define HAS_GETHOSTBYADDR_R 1
| #define HAS_GETHOSTBYNAME_R 1
| #define HAS_POLL 1
| #define HAS_FCNTL 1
| #define HAS_INET_PTON 1
| #define HAS_INET_NTOP 1
| /* end confdefs.h.  */
| #include <sys/socket.h>
| 
| int
| main ()
| {
| static struct msghdr ac_aggr;
| if (ac_aggr.msg_flags)
| return 0;
|   ;
|   return 0;
| }
configure:11366: /home/ack/work/emscripten/emcc -c   conftest.c >&5
In file included from conftest.c:29:
In file included from /home/ack/work/emscripten/system/include/sys/socket.h:5:
/home/ack/work/emscripten/system/include/sys/select.h:4:22: error: unknown type name 'fd_set'
int select(int nfds, fd_set *readfds, fd_set *writefds, fd_set *exceptfds, struct timeval *timeout);
                     ^
/home/ack/work/emscripten/system/include/sys/select.h:4:39: error: unknown type name 'fd_set'
int select(int nfds, fd_set *readfds, fd_set *writefds, fd_set *exceptfds, struct timeval *timeout);
                                      ^
/home/ack/work/emscripten/system/include/sys/select.h:4:57: error: unknown type name 'fd_set'
int select(int nfds, fd_set *readfds, fd_set *writefds, fd_set *exceptfds, struct timeval *timeout);
                                                        ^
In file included from conftest.c:29:
In file included from /home/ack/work/emscripten/system/include/sys/socket.h:6:
/home/ack/work/emscripten/system/include/sys/uio.h:11:3: error: unknown type name 'size_t'
  size_t  iov_len;
  ^
/home/ack/work/emscripten/system/include/sys/uio.h:14:1: error: unknown type name 'ssize_t'
ssize_t readv(int, const struct iovec *, int);
^
/home/ack/work/emscripten/system/include/sys/uio.h:15:1: error: unknown type name 'ssize_t'
ssize_t writev(int, const struct iovec *, int);
^
In file included from conftest.c:29:
/home/ack/work/emscripten/system/include/sys/socket.h:53:1: error: unknown type name 'ssize_t'
ssize_t recvfrom(int socket, void *buffer, size_t length, int flags, struct sockaddr *address, socklen_t *address_len);
^
/home/ack/work/emscripten/system/include/sys/socket.h:53:44: error: unknown type name 'size_t'
ssize_t recvfrom(int socket, void *buffer, size_t length, int flags, struct sockaddr *address, socklen_t *address_len);
                                           ^
/home/ack/work/emscripten/system/include/sys/socket.h:63:1: error: unknown type name 'ssize_t'
ssize_t recv(int s, void *buf, size_t len, int flags);
^
/home/ack/work/emscripten/system/include/sys/socket.h:63:32: error: unknown type name 'size_t'
ssize_t recv(int s, void *buf, size_t len, int flags);
                               ^
/home/ack/work/emscripten/system/include/sys/socket.h:64:1: error: unknown type name 'ssize_t'
ssize_t send(int s, const void *buf, size_t len, int flags);
^
/home/ack/work/emscripten/system/include/sys/socket.h:64:38: error: unknown type name 'size_t'
ssize_t send(int s, const void *buf, size_t len, int flags);
                                     ^
/home/ack/work/emscripten/system/include/sys/socket.h:66:1: error: unknown type name 'ssize_t'
ssize_t sendto(int s, const void *buf, size_t len, int flags, const struct sockaddr *to, socklen_t tolen);
^
/home/ack/work/emscripten/system/include/sys/socket.h:66:40: error: unknown type name 'size_t'
ssize_t sendto(int s, const void *buf, size_t len, int flags, const struct sockaddr *to, socklen_t tolen);
                                       ^
/home/ack/work/emscripten/system/include/sys/socket.h:73:3: error: unknown type name 'size_t'
  size_t        msg_iovlen;
  ^
/home/ack/work/emscripten/system/include/sys/socket.h:75:3: error: unknown type name 'size_t'
  size_t        msg_controllen;
  ^
16 errors generated.
configure:11366: $? = 1
configure: failed program was:
| /* confdefs.h */
| #define PACKAGE_NAME "libenet"
| #define PACKAGE_TARNAME "libenet"
| #define PACKAGE_VERSION "1.3.3"
| #define PACKAGE_STRING "libenet 1.3.3"
| #define PACKAGE_BUGREPORT ""
| #define PACKAGE_URL ""
| #define PACKAGE "libenet"
| #define VERSION "1.3.3"
| #define STDC_HEADERS 1
| #define HAVE_SYS_TYPES_H 1
| #define HAVE_SYS_STAT_H 1
| #define HAVE_STDLIB_H 1
| #define HAVE_STRING_H 1
| #define HAVE_MEMORY_H 1
| #define HAVE_STRINGS_H 1
| #define HAVE_INTTYPES_H 1
| #define HAVE_STDINT_H 1
| #define HAVE_UNISTD_H 1
| #define HAVE_DLFCN_H 1
| #define LT_OBJDIR ".libs/"
| #define HAS_GETHOSTBYADDR_R 1
| #define HAS_GETHOSTBYNAME_R 1
| #define HAS_POLL 1
| #define HAS_FCNTL 1
| #define HAS_INET_PTON 1
| #define HAS_INET_NTOP 1
| /* end confdefs.h.  */
| #include <sys/socket.h>
| 
| int
| main ()
| {
| static struct msghdr ac_aggr;
| if (sizeof ac_aggr.msg_flags)
| return 0;
|   ;
|   return 0;
| }
configure:11366: result: no
configure:11374: checking for socklen_t
configure:11374: /home/ack/work/emscripten/emcc -c   conftest.c >&5
configure:11374: $? = 0
configure:11374: /home/ack/work/emscripten/emcc -c   conftest.c >&5
conftest.c:36:24: error: expected expression
if (sizeof ((socklen_t)))
                       ^
1 error generated.
configure:11374: $? = 1
configure: failed program was:
| /* confdefs.h */
| #define PACKAGE_NAME "libenet"
| #define PACKAGE_TARNAME "libenet"
| #define PACKAGE_VERSION "1.3.3"
| #define PACKAGE_STRING "libenet 1.3.3"
| #define PACKAGE_BUGREPORT ""
| #define PACKAGE_URL ""
| #define PACKAGE "libenet"
| #define VERSION "1.3.3"
| #define STDC_HEADERS 1
| #define HAVE_SYS_TYPES_H 1
| #define HAVE_SYS_STAT_H 1
| #define HAVE_STDLIB_H 1
| #define HAVE_STRING_H 1
| #define HAVE_MEMORY_H 1
| #define HAVE_STRINGS_H 1
| #define HAVE_INTTYPES_H 1
| #define HAVE_STDINT_H 1
| #define HAVE_UNISTD_H 1
| #define HAVE_DLFCN_H 1
| #define LT_OBJDIR ".libs/"
| #define HAS_GETHOSTBYADDR_R 1
| #define HAS_GETHOSTBYNAME_R 1
| #define HAS_POLL 1
| #define HAS_FCNTL 1
| #define HAS_INET_PTON 1
| #define HAS_INET_NTOP 1
| /* end confdefs.h.  */
| #include <sys/types.h>
|               #include <sys/socket.h>
| 
| 
| int
| main ()
| {
| if (sizeof ((socklen_t)))
| 	    return 0;
|   ;
|   return 0;
| }
configure:11374: result: yes
In file included from conftest.c:30:
/usr/include/sys/socket.h:39:10: fatal error: 'bits/socket.h' file not found
#include <bits/socket.h>
         ^
1 error generated.
conftest.c:30:10: fatal error: 'socket.h' file not found
#include <socket.h>
         ^
1 error generated.
configure:11581: creating ./config.status

## ---------------- ##
## Cache variables. ##
## ---------------- ##

ac_cv_build=x86_64-unknown-linux-gnu
ac_cv_c_compiler_gnu=yes
ac_cv_env_CC_set=set
ac_cv_env_CC_value=/home/ack/work/emscripten/emcc
ac_cv_env_CFLAGS_set=set
ac_cv_env_CFLAGS_value=
ac_cv_env_CPPFLAGS_set=
ac_cv_env_CPPFLAGS_value=
ac_cv_env_CPP_set=
ac_cv_env_CPP_value=
ac_cv_env_LDFLAGS_set=
ac_cv_env_LDFLAGS_value=
ac_cv_env_LIBS_set=
ac_cv_env_LIBS_value=
ac_cv_env_build_alias_set=
ac_cv_env_build_alias_value=
ac_cv_env_host_alias_set=
ac_cv_env_host_alias_value=
ac_cv_env_target_alias_set=
ac_cv_env_target_alias_value=
ac_cv_func_fcntl=yes
ac_cv_func_gethostbyaddr_r=yes
ac_cv_func_gethostbyname_r=yes
ac_cv_func_inet_ntop=yes
ac_cv_func_inet_pton=yes
ac_cv_func_poll=yes
ac_cv_header_dlfcn_h=yes
ac_cv_header_inttypes_h=yes
ac_cv_header_memory_h=yes
ac_cv_header_stdc=yes
ac_cv_header_stdint_h=yes
ac_cv_header_stdlib_h=yes
ac_cv_header_string_h=yes
ac_cv_header_strings_h=yes
ac_cv_header_sys_stat_h=yes
ac_cv_header_sys_types_h=yes
ac_cv_header_unistd_h=yes
ac_cv_host=x86_64-unknown-linux-gnu
ac_cv_member_struct_msghdr_msg_flags=no
ac_cv_objext=o
ac_cv_path_EGREP='/usr/bin/grep -E'
ac_cv_path_FGREP='/usr/bin/grep -F'
ac_cv_path_GREP=/usr/bin/grep
ac_cv_path_SED=/usr/bin/sed
ac_cv_path_install='/usr/bin/install -c'
ac_cv_path_mkdir=/usr/bin/mkdir
ac_cv_prog_AWK=gawk
ac_cv_prog_CPP='/home/ack/work/emscripten/emcc -E'
ac_cv_prog_ac_ct_CC=/home/ack/work/emscripten/emcc
ac_cv_prog_ac_ct_OBJDUMP=objdump
ac_cv_prog_ac_ct_RANLIB=/home/ack/work/emscripten/emranlib
ac_cv_prog_ac_ct_STRIP=strip
ac_cv_prog_cc_c89=
ac_cv_prog_cc_g=yes
ac_cv_prog_make_make_set=yes
ac_cv_type_socklen_t=yes
am_cv_CC_dependencies_compiler_type=gcc3
lt_cv_ar_at_file=no
lt_cv_deplibs_check_method=pass_all
lt_cv_file_magic_cmd='$MAGIC_CMD'
lt_cv_file_magic_test_file=
lt_cv_ld_reload_flag=-r
lt_cv_nm_interface='BSD nm'
lt_cv_objdir=.libs
lt_cv_path_LD='/home/ack/work/emscripten/emcc -m elf_x86_64'
lt_cv_path_NM='/usr/bin/nm -B'
lt_cv_path_mainfest_tool=no
lt_cv_prog_compiler_c_o=yes
lt_cv_prog_compiler_pic='-fPIC -DPIC'
lt_cv_prog_compiler_pic_works=yes
lt_cv_prog_compiler_rtti_exceptions=yes
lt_cv_prog_compiler_static_works=yes
lt_cv_prog_gnu_ld=no
lt_cv_sharedlib_from_linklib_cmd='printf %s\n'
lt_cv_shlibpath_overrides_runpath=no
lt_cv_sys_global_symbol_pipe='sed -n -e '\''s/^.*[	 ]\([ABCDGIRSTW][ABCDGIRSTW]*\)[	 ][	 ]*\([_A-Za-z][_A-Za-z0-9]*\)$/\1 \2 \2/p'\'' | sed '\''/ __gnu_lto/d'\'''
lt_cv_sys_global_symbol_to_c_name_address='sed -n -e '\''s/^: \([^ ]*\)[ ]*$/  {\"\1\", (void *) 0},/p'\'' -e '\''s/^[ABCDGIRSTW]* \([^ ]*\) \([^ ]*\)$/  {"\2", (void *) \&\2},/p'\'''
lt_cv_sys_global_symbol_to_c_name_address_lib_prefix='sed -n -e '\''s/^: \([^ ]*\)[ ]*$/  {\"\1\", (void *) 0},/p'\'' -e '\''s/^[ABCDGIRSTW]* \([^ ]*\) \(lib[^ ]*\)$/  {"\2", (void *) \&\2},/p'\'' -e '\''s/^[ABCDGIRSTW]* \([^ ]*\) \([^ ]*\)$/  {"lib\2", (void *) \&\2},/p'\'''
lt_cv_sys_global_symbol_to_cdecl='sed -n -e '\''s/^T .* \(.*\)$/extern int \1();/p'\'' -e '\''s/^[ABCDGIRSTW]* .* \(.*\)$/extern char \1;/p'\'''
lt_cv_sys_max_cmd_len=1572864
lt_cv_to_host_file_cmd=func_convert_file_noop
lt_cv_to_tool_file_cmd=func_convert_file_noop

## ----------------- ##
## Output variables. ##
## ----------------- ##

ACLOCAL='${SHELL} /home/ack/work/BananaBread/cube2/src/web/enet/missing --run aclocal-1.11'
AMDEPBACKSLASH='\'
AMDEP_FALSE='#'
AMDEP_TRUE=''
AMTAR='${SHELL} /home/ack/work/BananaBread/cube2/src/web/enet/missing --run tar'
AR='/home/ack/work/emscripten/emar'
AUTOCONF='${SHELL} /home/ack/work/BananaBread/cube2/src/web/enet/missing --run autoconf'
AUTOHEADER='${SHELL} /home/ack/work/BananaBread/cube2/src/web/enet/missing --run autoheader'
AUTOMAKE='${SHELL} /home/ack/work/BananaBread/cube2/src/web/enet/missing --run automake-1.11'
AWK='gawk'
CC='/home/ack/work/emscripten/emcc'
CCDEPMODE='depmode=gcc3'
CFLAGS=''
CPP='/home/ack/work/emscripten/emcc -E'
CPPFLAGS=''
CYGPATH_W='echo'
DEFS='-DPACKAGE_NAME=\"libenet\" -DPACKAGE_TARNAME=\"libenet\" -DPACKAGE_VERSION=\"1.3.3\" -DPACKAGE_STRING=\"libenet\ 1.3.3\" -DPACKAGE_BUGREPORT=\"\" -DPACKAGE_URL=\"\" -DPACKAGE=\"libenet\" -DVERSION=\"1.3.3\" -DSTDC_HEADERS=1 -DHAVE_SYS_TYPES_H=1 -DHAVE_SYS_STAT_H=1 -DHAVE_STDLIB_H=1 -DHAVE_STRING_H=1 -DHAVE_MEMORY_H=1 -DHAVE_STRINGS_H=1 -DHAVE_INTTYPES_H=1 -DHAVE_STDINT_H=1 -DHAVE_UNISTD_H=1 -DHAVE_DLFCN_H=1 -DLT_OBJDIR=\".libs/\" -DHAS_GETHOSTBYADDR_R=1 -DHAS_GETHOSTBYNAME_R=1 -DHAS_POLL=1 -DHAS_FCNTL=1 -DHAS_INET_PTON=1 -DHAS_INET_NTOP=1 -DHAS_SOCKLEN_T=1'
DEPDIR='.deps'
DLLTOOL='false'
DSYMUTIL=''
DUMPBIN=''
ECHO_C=''
ECHO_N='-n'
ECHO_T=''
EGREP='/usr/bin/grep -E'
EXEEXT=''
FGREP='/usr/bin/grep -F'
GREP='/usr/bin/grep'
INSTALL_DATA='${INSTALL} -m 644'
INSTALL_PROGRAM='${INSTALL}'
INSTALL_SCRIPT='${INSTALL}'
INSTALL_STRIP_PROGRAM='$(install_sh) -c -s'
LD='/home/ack/work/emscripten/emcc -m elf_x86_64 -m elf_x86_64'
LDFLAGS=''
LIBOBJS=''
LIBS=''
LIBTOOL='$(SHELL) $(top_builddir)/libtool'
LIPO=''
LN_S='ln -s'
LTLIBOBJS=''
MAINT=''
MAINTAINER_MODE_FALSE='#'
MAINTAINER_MODE_TRUE=''
MAKEINFO='${SHELL} /home/ack/work/BananaBread/cube2/src/web/enet/missing --run makeinfo'
MANIFEST_TOOL=':'
MKDIR_P='/usr/bin/mkdir -p'
NM='/usr/bin/nm -B'
NMEDIT=''
OBJDUMP='objdump'
OBJEXT='o'
OTOOL64=''
OTOOL=''
PACKAGE='libenet'
PACKAGE_BUGREPORT=''
PACKAGE_NAME='libenet'
PACKAGE_STRING='libenet 1.3.3'
PACKAGE_TARNAME='libenet'
PACKAGE_URL=''
PACKAGE_VERSION='1.3.3'
PATH_SEPARATOR=':'
RANLIB='/home/ack/work/emscripten/emranlib'
SED='/usr/bin/sed'
SET_MAKE=''
SHELL='/bin/sh'
STRIP='strip'
VERSION='1.3.3'
ac_ct_AR=''
ac_ct_CC='/home/ack/work/emscripten/emcc'
ac_ct_DUMPBIN=''
am__EXEEXT_FALSE=''
am__EXEEXT_TRUE='#'
am__fastdepCC_FALSE='#'
am__fastdepCC_TRUE=''
am__include='include'
am__isrc=''
am__leading_dot='.'
am__quote=''
am__tar='${AMTAR} chof - "$$tardir"'
am__untar='${AMTAR} xf -'
bindir='${exec_prefix}/bin'
build='x86_64-unknown-linux-gnu'
build_alias=''
build_cpu='x86_64'
build_os='linux-gnu'
build_vendor='unknown'
datadir='${datarootdir}'
datarootdir='${prefix}/share'
docdir='${datarootdir}/doc/${PACKAGE_TARNAME}'
dvidir='${docdir}'
exec_prefix='${prefix}'
host='x86_64-unknown-linux-gnu'
host_alias=''
host_cpu='x86_64'
host_os='linux-gnu'
host_vendor='unknown'
htmldir='${docdir}'
includedir='${prefix}/include'
infodir='${datarootdir}/info'
install_sh='${SHELL} /home/ack/work/BananaBread/cube2/src/web/enet/install-sh'
libdir='${exec_prefix}/lib'
libexecdir='${exec_prefix}/libexec'
localedir='${datarootdir}/locale'
localstatedir='${prefix}/var'
mandir='${datarootdir}/man'
mkdir_p='/usr/bin/mkdir -p'
oldincludedir='/usr/include'
pdfdir='${docdir}'
prefix='/usr/local'
program_transform_name='s,x,x,'
psdir='${docdir}'
sbindir='${exec_prefix}/sbin'
sharedstatedir='${prefix}/com'
sysconfdir='${prefix}/etc'
target_alias=''

## ----------- ##
## confdefs.h. ##
## ----------- ##

/* confdefs.h */
#define PACKAGE_NAME "libenet"
#define PACKAGE_TARNAME "libenet"
#define PACKAGE_VERSION "1.3.3"
#define PACKAGE_STRING "libenet 1.3.3"
#define PACKAGE_BUGREPORT ""
#define PACKAGE_URL ""
#define PACKAGE "libenet"
#define VERSION "1.3.3"
#define STDC_HEADERS 1
#define HAVE_SYS_TYPES_H 1
#define HAVE_SYS_STAT_H 1
#define HAVE_STDLIB_H 1
#define HAVE_STRING_H 1
#define HAVE_MEMORY_H 1
#define HAVE_STRINGS_H 1
#define HAVE_INTTYPES_H 1
#define HAVE_STDINT_H 1
#define HAVE_UNISTD_H 1
#define HAVE_DLFCN_H 1
#define LT_OBJDIR ".libs/"
#define HAS_GETHOSTBYADDR_R 1
#define HAS_GETHOSTBYNAME_R 1
#define HAS_POLL 1
#define HAS_FCNTL 1
#define HAS_INET_PTON 1
#define HAS_INET_NTOP 1
#define HAS_SOCKLEN_T 1

configure: exit 0

## ---------------------- ##
## Running config.status. ##
## ---------------------- ##

This file was extended by libenet config.status 1.3.3, which was
generated by GNU Autoconf 2.69.  Invocation command line was

  CONFIG_FILES    = 
  CONFIG_HEADERS  = 
  CONFIG_LINKS    = 
  CONFIG_COMMANDS = 
  $ ./config.status 

on dash

config.status:999: creating Makefile
config.status:999: creating libenet.pc
config.status:1171: executing depfiles commands
config.status:1171: executing libtool commands
